e:\game\game\debug\game.pch
e:\game\game\debug\vc140.pdb
e:\game\game\debug\vc140.idb
e:\game\game\debug\stdafx.obj
e:\game\game\debug\game.obj
e:\game\game\debug\human.obj
e:\game\game\debug\object.obj
e:\game\game\debug\gamedlg.obj
e:\game\game\debug\scenery.obj
e:\game\debug\game.ilk
e:\game\debug\game.exe
e:\game\debug\game.pdb
e:\game\game\debug\game.res
e:\game\game\debug\game.tlog\cl.command.1.tlog
e:\game\game\debug\game.tlog\cl.read.1.tlog
e:\game\game\debug\game.tlog\cl.write.1.tlog
e:\game\game\debug\game.tlog\link.command.1.tlog
e:\game\game\debug\game.tlog\link.read.1.tlog
e:\game\game\debug\game.tlog\link.write.1.tlog
e:\game\game\debug\game.tlog\rc.command.1.tlog
e:\game\game\debug\game.tlog\rc.read.1.tlog
e:\game\game\debug\game.tlog\rc.write.1.tlog
